TN:
SF:/home/wally/proyectos/platziverse/platziverse-db/index.js
FN:12,(anonymous_0)
FNF:1
FNH:1
FNDA:14,(anonymous_0)
DA:3,14
DA:4,14
DA:5,14
DA:7,14
DA:8,14
DA:10,14
DA:12,14
DA:13,14
DA:24,14
DA:25,14
DA:26,14
DA:28,14
DA:29,14
DA:31,14
DA:33,14
DA:34,0
DA:36,14
DA:37,14
DA:38,14
LF:19
LH:18
BRDA:33,0,0,0
BRDA:33,0,1,14
BRF:2
BRH:1
end_of_record
TN:
SF:/home/wally/proyectos/platziverse/platziverse-db/lib/agent.js
FN:3,setupAgent
FN:4,findById
FN:8,createOrUpdate
FN:23,findByUuid
FN:31,findAll
FN:35,findByUsername
FN:44,findConnected
FNF:7
FNH:7
FNDA:14,setupAgent
FNDA:1,findById
FNDA:2,createOrUpdate
FNDA:1,findByUuid
FNDA:1,findAll
FNDA:1,findByUsername
FNDA:1,findConnected
DA:3,2
DA:5,1
DA:9,2
DA:14,2
DA:15,2
DA:16,1
DA:17,1
DA:19,1
DA:20,1
DA:24,1
DA:32,1
DA:36,1
DA:45,1
DA:52,14
LF:14
LH:14
BRDA:15,0,0,1
BRDA:15,0,1,1
BRDA:17,1,0,1
BRDA:17,1,1,0
BRF:4
BRH:3
end_of_record
TN:
SF:/home/wally/proyectos/platziverse/platziverse-db/lib/db.js
FN:6,setupDatabase
FNF:1
FNH:1
FNDA:14,setupDatabase
DA:3,2
DA:4,2
DA:6,2
DA:7,14
DA:8,2
DA:10,14
LF:6
LH:6
BRDA:7,0,0,2
BRDA:7,0,1,12
BRF:2
BRH:2
end_of_record
TN:
SF:/home/wally/proyectos/platziverse/platziverse-db/lib/metric.js
FN:3,setupMetric
FN:4,create
FN:17,findByAgentUuid
FN:32,findByTypeAgentUuid
FNF:4
FNH:4
FNDA:14,setupMetric
FNDA:1,create
FNDA:1,findByAgentUuid
FNDA:1,findByTypeAgentUuid
DA:3,2
DA:5,1
DA:10,1
DA:11,1
DA:12,1
DA:13,1
DA:18,1
DA:33,1
DA:51,14
LF:9
LH:9
BRDA:10,0,0,1
BRDA:10,0,1,0
BRF:2
BRH:1
end_of_record
TN:
SF:/home/wally/proyectos/platziverse/platziverse-db/models/agent.js
FN:6,setupAgentModel
FNF:1
FNH:0
FNDA:0,setupAgentModel
DA:3,2
DA:4,2
DA:6,2
DA:7,0
DA:8,0
LF:5
LH:3
BRF:0
BRH:0
end_of_record
TN:
SF:/home/wally/proyectos/platziverse/platziverse-db/models/metric.js
FN:6,setupMetricModel
FNF:1
FNH:0
FNDA:0,setupMetricModel
DA:3,2
DA:4,2
DA:6,2
DA:7,0
DA:8,0
LF:5
LH:3
BRF:0
BRH:0
end_of_record
TN:
SF:/home/wally/proyectos/platziverse/platziverse-db/tests/agent-test.js
FN:20,(anonymous_4)
FN:40,(anonymous_5)
FN:78,(anonymous_6)
FN:79,(anonymous_7)
FN:83,(anonymous_8)
FN:87,(anonymous_9)
FN:91,(anonymous_10)
FN:98,(anonymous_11)
FN:107,(anonymous_12)
FN:117,(anonymous_13)
FN:133,(anonymous_14)
FN:143,(anonymous_15)
FN:154,(anonymous_16)
FN:165,(anonymous_17)
FNF:14
FNH:14
FNDA:9,(anonymous_4)
FNDA:9,(anonymous_5)
FNDA:9,(anonymous_6)
FNDA:9,(anonymous_7)
FNDA:9,(anonymous_8)
FNDA:1,(anonymous_9)
FNDA:1,(anonymous_10)
FNDA:1,(anonymous_11)
FNDA:1,(anonymous_12)
FNDA:1,(anonymous_13)
FNDA:1,(anonymous_14)
FNDA:1,(anonymous_15)
FNDA:1,(anonymous_16)
FNDA:1,(anonymous_17)
DA:2,1
DA:3,1
DA:4,1
DA:5,1
DA:7,1
DA:8,1
DA:9,1
DA:10,1
DA:11,1
DA:12,1
DA:13,1
DA:14,1
DA:19,1
DA:22,1
DA:25,1
DA:33,1
DA:36,1
DA:40,1
DA:41,9
DA:42,9
DA:46,9
DA:47,9
DA:50,9
DA:51,9
DA:54,9
DA:55,9
DA:58,9
DA:59,9
DA:60,1
DA:64,9
DA:65,9
DA:68,9
DA:69,9
DA:70,9
DA:71,9
DA:74,9
DA:75,9
DA:77,9
DA:78,9
DA:79,9
DA:81,9
DA:83,1
DA:84,9
DA:87,1
DA:88,1
DA:91,4
DA:92,1
DA:93,1
DA:94,1
DA:95,1
DA:98,3
DA:99,1
DA:100,1
DA:101,1
DA:102,1
DA:104,1
DA:107,3
DA:108,1
DA:110,1
DA:111,1
DA:112,1
DA:114,1
DA:117,6
DA:118,1
DA:120,1
DA:121,1
DA:122,1
DA:126,1
DA:127,1
DA:128,1
DA:130,1
DA:133,3
DA:134,1
DA:136,1
DA:137,1
DA:138,1
DA:140,1
DA:143,3
DA:144,1
DA:146,1
DA:147,1
DA:148,1
DA:150,1
DA:151,1
DA:154,3
DA:155,1
DA:157,1
DA:158,1
DA:159,1
DA:161,1
DA:162,1
DA:165,3
DA:166,1
DA:168,1
DA:169,1
DA:170,1
DA:172,1
DA:173,1
LF:98
LH:98
BRDA:84,0,0,9
BRDA:84,0,1,9
BRF:2
BRH:2
end_of_record
TN:
SF:/home/wally/proyectos/platziverse/platziverse-db/tests/metric-test.js
FN:21,(anonymous_4)
FN:57,(anonymous_5)
FN:87,(anonymous_6)
FN:88,(anonymous_7)
FN:92,(anonymous_8)
FN:96,(anonymous_9)
FN:100,(anonymous_10)
FN:107,(anonymous_11)
FN:117,(anonymous_12)
FN:128,(anonymous_13)
FNF:10
FNH:10
FNDA:5,(anonymous_4)
FNDA:5,(anonymous_5)
FNDA:5,(anonymous_6)
FNDA:5,(anonymous_7)
FNDA:5,(anonymous_8)
FNDA:1,(anonymous_9)
FNDA:1,(anonymous_10)
FNDA:1,(anonymous_11)
FNDA:1,(anonymous_12)
FNDA:1,(anonymous_13)
DA:2,1
DA:3,1
DA:4,1
DA:5,1
DA:6,1
DA:8,1
DA:9,1
DA:10,1
DA:11,1
DA:12,1
DA:13,1
DA:16,1
DA:20,1
DA:23,1
DA:28,1
DA:40,1
DA:57,1
DA:58,5
DA:59,5
DA:64,5
DA:65,5
DA:66,5
DA:67,1
DA:71,5
DA:72,5
DA:75,5
DA:76,5
DA:79,5
DA:80,5
DA:81,5
DA:83,5
DA:84,5
DA:86,5
DA:87,5
DA:88,5
DA:90,5
DA:92,1
DA:93,5
DA:96,1
DA:97,1
DA:100,4
DA:101,1
DA:102,1
DA:103,1
DA:104,1
DA:107,3
DA:108,1
DA:110,1
DA:111,1
DA:112,1
DA:114,1
DA:117,3
DA:118,1
DA:120,1
DA:121,1
DA:122,1
DA:124,1
DA:125,1
DA:128,3
DA:129,1
DA:131,1
DA:132,1
DA:133,1
DA:135,1
DA:137,1
LF:65
LH:65
BRDA:93,0,0,5
BRDA:93,0,1,5
BRF:2
BRH:2
end_of_record
TN:
SF:/home/wally/proyectos/platziverse/platziverse-db/tests/fixtures/agent.js
FN:21,extend
FN:28,(anonymous_1)
FN:29,(anonymous_2)
FN:30,(anonymous_3)
FN:30,(anonymous_4)
FN:31,(anonymous_5)
FN:31,(anonymous_6)
FNF:7
FNH:7
FNDA:6,extend
FNDA:8,(anonymous_1)
FNDA:8,(anonymous_2)
FNDA:150,(anonymous_3)
FNDA:600,(anonymous_4)
FNDA:10,(anonymous_5)
FNDA:40,(anonymous_6)
DA:3,2
DA:14,2
DA:22,6
DA:23,6
DA:25,2
DA:28,8
DA:29,8
DA:30,600
DA:31,40
LF:9
LH:9
BRF:0
BRH:0
end_of_record
TN:
SF:/home/wally/proyectos/platziverse/platziverse-db/tests/fixtures/metric.js
FN:21,extend
FN:28,(anonymous_1)
FN:29,(anonymous_2)
FN:29,(anonymous_3)
FN:30,(anonymous_4)
FN:32,(anonymous_5)
FN:32,(anonymous_6)
FN:32,(anonymous_7)
FNF:8
FNH:7
FNDA:7,extend
FNDA:12,(anonymous_1)
FNDA:96,(anonymous_2)
FNDA:60,(anonymous_3)
FNDA:60,(anonymous_4)
FNDA:12,(anonymous_5)
FNDA:96,(anonymous_6)
FNDA:0,(anonymous_7)
DA:2,1
DA:3,1
DA:10,1
DA:22,7
DA:23,7
DA:25,1
DA:29,96
DA:30,60
DA:32,96
LF:9
LH:9
BRDA:32,0,0,96
BRDA:32,0,1,36
BRF:2
BRH:2
end_of_record
